PLINK v1.90b7.2 64-bit (11 Dec 2023)
Options in effect:
  --bfile ../data/dataQC
  --make-rel square
  --out outputs/sample_kinship

Hostname: Seifs-PC
Working directory: /home/seif/dev/bioinformatics_intern/task2/Phase 9
Start time: Sun Jul 19 22:02:48 2026

Random number seed: 1784487768
15833 MB RAM detected; reserving 7916 MB for main workspace.
67735 variants loaded from .bim file.
156 people (49 males, 107 females) loaded from .fam.
Using up to 8 threads (change this with --threads).
Before main variant filters, 156 founders and 0 nonfounders present.
Calculating allele frequencies... done.
Warning: 1388 het. haploid genotypes present (see outputs/sample_kinship.hh );
many commands treat these as missing.
Total genotyping rate is 0.998816.
67735 variants and 156 people pass filters and QC.
Note: No phenotypes present.
Excluding 1657 variants on non-autosomes from relationship matrix calc.
Relationship matrix calculation complete.
Relationship matrix written to outputs/sample_kinship.rel , and IDs written to
outputs/sample_kinship.rel.id .

End time: Sun Jul 19 22:02:49 2026
