PLINK v1.90b7.2 64-bit (11 Dec 2023)
Options in effect:
  --bfile ../data/dataQC
  --chr 11
  --from-bp 123659136
  --out outputs/LD_chr11_bp124159136
  --r2 square
  --to-bp 124659136

Hostname: Seifs-PC
Working directory: /home/seif/dev/bioinformatics_intern/task2/Phase 8
Start time: Sun Jul 19 21:26:55 2026

Random number seed: 1784485615
15833 MB RAM detected; reserving 7916 MB for main workspace.
32 out of 67735 variants loaded from .bim file.
156 people (49 males, 107 females) loaded from .fam.
Using up to 8 threads (change this with --threads).
Before main variant filters, 156 founders and 0 nonfounders present.
Calculating allele frequencies... done.
Total genotyping rate is 0.999399.
32 variants and 156 people pass filters and QC.
Note: No phenotypes present.
--r2 square to outputs/LD_chr11_bp124159136.ld ... done.

End time: Sun Jul 19 21:26:55 2026
