PLINK v1.90b7.2 64-bit (11 Dec 2023)
Options in effect:
  --bfile ../data/Qatari156_filtered_pruned
  --geno 0.001
  --hwe 1e-6
  --maf 0.05
  --make-bed
  --out outputs/dataQC_strict_geno

Hostname: Seifs-PC
Working directory: /home/seif/dev/bioinformatics_intern/task1/Phase 1
Start time: Wed Jul 15 21:46:01 2026

Random number seed: 1784141161
15836 MB RAM detected; reserving 7918 MB for main workspace.
67735 variants loaded from .bim file.
156 people (49 males, 107 females) loaded from .fam.
Using 1 thread (no multithreaded calculations invoked).
Before main variant filters, 156 founders and 0 nonfounders present.
Calculating allele frequencies... done.
Warning: 1388 het. haploid genotypes present (see outputs/dataQC_strict_geno.hh
); many commands treat these as missing.
Total genotyping rate is 0.998816.
12509 variants removed due to missing genotype data (--geno).
Warning: --hwe observation counts vary by more than 10%, due to the X
chromosome.  You may want to use a less stringent --hwe p-value threshold for X
chromosome variants.
--hwe: 0 variants removed due to Hardy-Weinberg exact test.
0 variants removed due to minor allele threshold(s)
(--maf/--max-maf/--mac/--max-mac).
55226 variants and 156 people pass filters and QC.
Note: No phenotypes present.
--make-bed to outputs/dataQC_strict_geno.bed + outputs/dataQC_strict_geno.bim +
outputs/dataQC_strict_geno.fam ... done.

End time: Wed Jul 15 21:46:02 2026
