PLINK v1.90b7.2 64-bit (11 Dec 2023)
Options in effect:
  --bfile ../data/Qatari156_filtered_pruned
  --freq
  --out outputs/SNPfreq

Hostname: Seifs-PC
Working directory: /home/seif/dev/bioinformatics_intern/task1/Phase 1
Start time: Wed Jul 15 21:15:59 2026

Random number seed: 1784139359
15836 MB RAM detected; reserving 7918 MB for main workspace.
67735 variants loaded from .bim file.
156 people (49 males, 107 females) loaded from .fam.
Using 1 thread (no multithreaded calculations invoked).
Before main variant filters, 156 founders and 0 nonfounders present.
Calculating allele frequencies... done.
Warning: 1388 het. haploid genotypes present (see outputs/SNPfreq.hh ); many
commands treat these as missing.
Total genotyping rate is 0.998816.
--freq: Allele frequencies (founders only) written to outputs/SNPfreq.frq .

End time: Wed Jul 15 21:15:59 2026
